<?xml version="1.0" encoding="UTF-8"?>
<!-- Generated by org.testng.reporters.JUnitReportReporter -->
<testsuite skipped="0" hostname="Pooja" name="testscript.LogInTest" tests="2" failures="0" timestamp="15 Feb 2021 08:24:04 GMT" time="118.330" errors="0">
  <testcase name="automationPracticeLogin" time="60.757" classname="testscript.LogInTest"/>
  <testcase name="loginTestUIValidationTest" time="57.573" classname="testscript.LogInTest"/>
</testsuite> <!-- testscript.LogInTest -->
